<?xml version="1.0" encoding="UTF-8"?>
<!-- Generated by org.testng.reporters.JUnitReportReporter -->
<testsuite hostname="Pragadees" failures="0" tests="1" name="newpackage.findelements" time="8.264" errors="0" timestamp="27 Dec. 2019 05:00:54 GMT" skipped="0">
  <testcase classname="newpackage.findelements" name="find" time="8.264"/>
</testsuite> <!-- newpackage.findelements -->
