<?xml version="1.0" encoding="UTF-8"?>
<!-- Generated by org.testng.reporters.JUnitReportReporter -->
<testsuite hostname="Pragadees" failures="0" tests="1" name="newpackage.NewTest" time="0.009" errors="0" timestamp="24 Dec. 2019 04:36:28 GMT" skipped="0">
  <testcase classname="newpackage.NewTest" name="f" time="0.009"/>
</testsuite> <!-- newpackage.NewTest -->
